573115071692:ENCOLADO ans_c406d15b-02fc-4569-a312-d3560e0a81cb
EJECUTANDO:ans_c406d15b-02fc-4569-a312-d3560e0a81cb
573115071692:SUCCESS
573115071692:ENCOLADO ans_1836090c-8f5e-47a8-ba76-2334451740c6
EJECUTANDO:ans_1836090c-8f5e-47a8-ba76-2334451740c6
573115071692:SUCCESS
573115071692:ENCOLADO ans_40cb09b8-a1fd-4048-a30a-d12b50194227
EJECUTANDO:ans_40cb09b8-a1fd-4048-a30a-d12b50194227
573115071692:SUCCESS
573115071692:ENCOLADO ans_071b2eff-caaf-4533-8423-b0ae734295c6
EJECUTANDO:ans_071b2eff-caaf-4533-8423-b0ae734295c6
573115071692:SUCCESS
573115071692:ENCOLADO ans_f9126da2-6f18-46be-8e55-f50187a4d411
EJECUTANDO:ans_f9126da2-6f18-46be-8e55-f50187a4d411
573115071692:SUCCESS
573115071692:ENCOLADO ans_33561dd5-f5ef-42e2-820c-1df88b398f2e
EJECUTANDO:ans_33561dd5-f5ef-42e2-820c-1df88b398f2e
573115071692:SUCCESS
573115071692:ENCOLADO ans_f391c3eb-688e-43bf-9ad7-1df60c27cf18
EJECUTANDO:ans_f391c3eb-688e-43bf-9ad7-1df60c27cf18
573115071692:SUCCESS
573115071692:ENCOLADO ans_ceb70420-7ab7-445e-a682-b34d384f08f0
EJECUTANDO:ans_ceb70420-7ab7-445e-a682-b34d384f08f0
573115071692:SUCCESS
573115071692:ENCOLADO ans_20fe20b4-96e9-406a-806a-b07fde94ce05
EJECUTANDO:ans_20fe20b4-96e9-406a-806a-b07fde94ce05
573115071692:SUCCESS
573115071692:ENCOLADO ans_40cb09b8-a1fd-4048-a30a-d12b50194227
EJECUTANDO:ans_40cb09b8-a1fd-4048-a30a-d12b50194227
573115071692:SUCCESS
573115071692:ENCOLADO ans_071b2eff-caaf-4533-8423-b0ae734295c6
EJECUTANDO:ans_071b2eff-caaf-4533-8423-b0ae734295c6
573115071692:SUCCESS
573132755400:ENCOLADO ans_c406d15b-02fc-4569-a312-d3560e0a81cb
EJECUTANDO:ans_c406d15b-02fc-4569-a312-d3560e0a81cb
573132755400:SUCCESS
573132755400:ENCOLADO ans_1836090c-8f5e-47a8-ba76-2334451740c6
EJECUTANDO:ans_1836090c-8f5e-47a8-ba76-2334451740c6
573132755400:SUCCESS
573132755400:ENCOLADO ans_65098eee-c11b-40fd-a9c8-6fca0ed1fe99
EJECUTANDO:ans_65098eee-c11b-40fd-a9c8-6fca0ed1fe99
573132755400:SUCCESS
573132755400:ENCOLADO ans_904b6e66-93cf-4e27-9cbe-b78851ffcd85
EJECUTANDO:ans_904b6e66-93cf-4e27-9cbe-b78851ffcd85
573132755400:SUCCESS
573132755400:ENCOLADO ans_b24e6bdc-b9e0-4f6c-8775-ef67e41f54a5
EJECUTANDO:ans_b24e6bdc-b9e0-4f6c-8775-ef67e41f54a5
573132755400:SUCCESS
573132755400:ENCOLADO ans_e7b2ac47-b03a-4462-aeae-83c421e3c7a8
EJECUTANDO:ans_e7b2ac47-b03a-4462-aeae-83c421e3c7a8
573132755400:SUCCESS
573132755400:ENCOLADO ans_f870f5c6-b448-4fe6-974b-c3848eb93b6f
EJECUTANDO:ans_f870f5c6-b448-4fe6-974b-c3848eb93b6f
573132755400:SUCCESS
573132755400:ENCOLADO ans_6b0dcb52-5cc2-4fb4-af3f-4b1afe0cfa21
EJECUTANDO:ans_6b0dcb52-5cc2-4fb4-af3f-4b1afe0cfa21
573132755400:SUCCESS
573132755400:ENCOLADO ans_e18074eb-c213-4943-ac12-c167605db3bd
EJECUTANDO:ans_e18074eb-c213-4943-ac12-c167605db3bd
573132755400:SUCCESS
573132755400:ENCOLADO ans_f289bab5-075e-45a6-a347-7abecb60ffa0
EJECUTANDO:ans_f289bab5-075e-45a6-a347-7abecb60ffa0
573132755400:SUCCESS
573132755400:ENCOLADO ans_40cb09b8-a1fd-4048-a30a-d12b50194227
EJECUTANDO:ans_40cb09b8-a1fd-4048-a30a-d12b50194227
573132755400:SUCCESS
573132755400:ENCOLADO ans_071b2eff-caaf-4533-8423-b0ae734295c6
EJECUTANDO:ans_071b2eff-caaf-4533-8423-b0ae734295c6
573132755400:SUCCESS
584147064876:ENCOLADO ans_0fb49c70-ceb8-4fda-841d-9413726a6f7a
EJECUTANDO:ans_0fb49c70-ceb8-4fda-841d-9413726a6f7a
584147064876:SUCCESS
584147064876:ENCOLADO ans_372a666f-51d0-4783-b311-2393749790ed
EJECUTANDO:ans_372a666f-51d0-4783-b311-2393749790ed
584147064876:SUCCESS
584147064876:ENCOLADO ans_b5e707c5-d30f-49ae-8b99-ecd393e744ee
EJECUTANDO:ans_b5e707c5-d30f-49ae-8b99-ecd393e744ee
584147064876:SUCCESS
584147064876:ENCOLADO ans_bf64d456-7052-4015-89a4-d3770b710d3c
EJECUTANDO:ans_bf64d456-7052-4015-89a4-d3770b710d3c
584147064876:SUCCESS
584147064876:ENCOLADO ans_57a25e07-1a33-4e16-b33d-ace4a5b6773f
EJECUTANDO:ans_57a25e07-1a33-4e16-b33d-ace4a5b6773f
584147064876:SUCCESS
584147064876:ENCOLADO ans_65098eee-c11b-40fd-a9c8-6fca0ed1fe99
EJECUTANDO:ans_65098eee-c11b-40fd-a9c8-6fca0ed1fe99
584147064876:SUCCESS
584147064876:ENCOLADO ans_904b6e66-93cf-4e27-9cbe-b78851ffcd85
EJECUTANDO:ans_904b6e66-93cf-4e27-9cbe-b78851ffcd85
584147064876:SUCCESS
584147064876:ENCOLADO ans_b24e6bdc-b9e0-4f6c-8775-ef67e41f54a5
EJECUTANDO:ans_b24e6bdc-b9e0-4f6c-8775-ef67e41f54a5
584147064876:SUCCESS
584147064876:ENCOLADO ans_e7b2ac47-b03a-4462-aeae-83c421e3c7a8
EJECUTANDO:ans_e7b2ac47-b03a-4462-aeae-83c421e3c7a8
584147064876:SUCCESS
584147064876:ENCOLADO ans_f870f5c6-b448-4fe6-974b-c3848eb93b6f
EJECUTANDO:ans_f870f5c6-b448-4fe6-974b-c3848eb93b6f
584147064876:SUCCESS
584147064876:ENCOLADO ans_6b0dcb52-5cc2-4fb4-af3f-4b1afe0cfa21
EJECUTANDO:ans_6b0dcb52-5cc2-4fb4-af3f-4b1afe0cfa21
584147064876:SUCCESS
584147064876:ENCOLADO ans_e18074eb-c213-4943-ac12-c167605db3bd
EJECUTANDO:ans_e18074eb-c213-4943-ac12-c167605db3bd
584147064876:SUCCESS
584147064876:ENCOLADO ans_f289bab5-075e-45a6-a347-7abecb60ffa0
EJECUTANDO:ans_f289bab5-075e-45a6-a347-7abecb60ffa0
584147064876:SUCCESS
584147064876:ENCOLADO ans_40cb09b8-a1fd-4048-a30a-d12b50194227
EJECUTANDO:ans_40cb09b8-a1fd-4048-a30a-d12b50194227
584147064876:SUCCESS
584147064876:ENCOLADO ans_071b2eff-caaf-4533-8423-b0ae734295c6
EJECUTANDO:ans_071b2eff-caaf-4533-8423-b0ae734295c6
584147064876:SUCCESS
573124089995:ENCOLADO ans_9e1aeba1-707f-44f5-a067-3f5fb2398b60
EJECUTANDO:ans_9e1aeba1-707f-44f5-a067-3f5fb2398b60
573124089995:SUCCESS
573124089995:ENCOLADO ans_c406d15b-02fc-4569-a312-d3560e0a81cb
EJECUTANDO:ans_c406d15b-02fc-4569-a312-d3560e0a81cb
573124089995:SUCCESS
573124089995:ENCOLADO ans_1836090c-8f5e-47a8-ba76-2334451740c6
EJECUTANDO:ans_1836090c-8f5e-47a8-ba76-2334451740c6
573124089995:SUCCESS
584147064876:ENCOLADO ans_c406d15b-02fc-4569-a312-d3560e0a81cb
EJECUTANDO:ans_c406d15b-02fc-4569-a312-d3560e0a81cb
584147064876:SUCCESS
584147064876:ENCOLADO ans_1836090c-8f5e-47a8-ba76-2334451740c6
EJECUTANDO:ans_1836090c-8f5e-47a8-ba76-2334451740c6
584147064876:SUCCESS
584147064876:ENCOLADO ans_f9126da2-6f18-46be-8e55-f50187a4d411
EJECUTANDO:ans_f9126da2-6f18-46be-8e55-f50187a4d411
584147064876:SUCCESS
584147064876:ENCOLADO ans_33561dd5-f5ef-42e2-820c-1df88b398f2e
EJECUTANDO:ans_33561dd5-f5ef-42e2-820c-1df88b398f2e
584147064876:SUCCESS
584126523705:ENCOLADO ans_40cb09b8-a1fd-4048-a30a-d12b50194227
EJECUTANDO:ans_40cb09b8-a1fd-4048-a30a-d12b50194227
584126523705:SUCCESS
584126523705:ENCOLADO ans_071b2eff-caaf-4533-8423-b0ae734295c6
EJECUTANDO:ans_071b2eff-caaf-4533-8423-b0ae734295c6
584126523705:SUCCESS
584147064876:ENCOLADO ans_40cb09b8-a1fd-4048-a30a-d12b50194227
EJECUTANDO:ans_40cb09b8-a1fd-4048-a30a-d12b50194227
584147064876:SUCCESS
584147064876:ENCOLADO ans_071b2eff-caaf-4533-8423-b0ae734295c6
EJECUTANDO:ans_071b2eff-caaf-4533-8423-b0ae734295c6
584147064876:SUCCESS
584147064876:ENCOLADO ans_40cb09b8-a1fd-4048-a30a-d12b50194227
EJECUTANDO:ans_40cb09b8-a1fd-4048-a30a-d12b50194227
584147064876:SUCCESS
584147064876:ENCOLADO ans_071b2eff-caaf-4533-8423-b0ae734295c6
EJECUTANDO:ans_071b2eff-caaf-4533-8423-b0ae734295c6
584147064876:SUCCESS
584140300024:ENCOLADO ans_0fb49c70-ceb8-4fda-841d-9413726a6f7a
EJECUTANDO:ans_0fb49c70-ceb8-4fda-841d-9413726a6f7a
584140300024:SUCCESS
584140300024:ENCOLADO ans_372a666f-51d0-4783-b311-2393749790ed
EJECUTANDO:ans_372a666f-51d0-4783-b311-2393749790ed
584140300024:SUCCESS
584140300024:ENCOLADO ans_b5e707c5-d30f-49ae-8b99-ecd393e744ee
EJECUTANDO:ans_b5e707c5-d30f-49ae-8b99-ecd393e744ee
584140300024:SUCCESS
584140857670:ENCOLADO ans_c406d15b-02fc-4569-a312-d3560e0a81cb
EJECUTANDO:ans_c406d15b-02fc-4569-a312-d3560e0a81cb
584140857670:SUCCESS
584140857670:ENCOLADO ans_1836090c-8f5e-47a8-ba76-2334451740c6
EJECUTANDO:ans_1836090c-8f5e-47a8-ba76-2334451740c6
584140857670:SUCCESS
584140857670:ENCOLADO ans_65098eee-c11b-40fd-a9c8-6fca0ed1fe99
EJECUTANDO:ans_65098eee-c11b-40fd-a9c8-6fca0ed1fe99
584140857670:SUCCESS
584140857670:ENCOLADO ans_904b6e66-93cf-4e27-9cbe-b78851ffcd85
EJECUTANDO:ans_904b6e66-93cf-4e27-9cbe-b78851ffcd85
584140857670:SUCCESS
584140857670:ENCOLADO ans_b24e6bdc-b9e0-4f6c-8775-ef67e41f54a5
EJECUTANDO:ans_b24e6bdc-b9e0-4f6c-8775-ef67e41f54a5
584140857670:SUCCESS
584140857670:ENCOLADO ans_e7b2ac47-b03a-4462-aeae-83c421e3c7a8
EJECUTANDO:ans_e7b2ac47-b03a-4462-aeae-83c421e3c7a8
584140857670:SUCCESS
584140857670:ENCOLADO ans_f870f5c6-b448-4fe6-974b-c3848eb93b6f
EJECUTANDO:ans_f870f5c6-b448-4fe6-974b-c3848eb93b6f
584140857670:SUCCESS
584140857670:ENCOLADO ans_6b0dcb52-5cc2-4fb4-af3f-4b1afe0cfa21
EJECUTANDO:ans_6b0dcb52-5cc2-4fb4-af3f-4b1afe0cfa21
584140857670:SUCCESS
584140857670:ENCOLADO ans_e18074eb-c213-4943-ac12-c167605db3bd
EJECUTANDO:ans_e18074eb-c213-4943-ac12-c167605db3bd
584140857670:SUCCESS
584140857670:ENCOLADO ans_f289bab5-075e-45a6-a347-7abecb60ffa0
EJECUTANDO:ans_f289bab5-075e-45a6-a347-7abecb60ffa0
584140857670:SUCCESS
584140857670:ENCOLADO ans_f9126da2-6f18-46be-8e55-f50187a4d411
EJECUTANDO:ans_f9126da2-6f18-46be-8e55-f50187a4d411
584140857670:SUCCESS
584140857670:ENCOLADO ans_33561dd5-f5ef-42e2-820c-1df88b398f2e
EJECUTANDO:ans_33561dd5-f5ef-42e2-820c-1df88b398f2e
584140857670:SUCCESS
584140857670:ENCOLADO ans_0fb49c70-ceb8-4fda-841d-9413726a6f7a
EJECUTANDO:ans_0fb49c70-ceb8-4fda-841d-9413726a6f7a
584140857670:SUCCESS
584140857670:ENCOLADO ans_372a666f-51d0-4783-b311-2393749790ed
EJECUTANDO:ans_372a666f-51d0-4783-b311-2393749790ed
584140857670:SUCCESS
584140857670:ENCOLADO ans_b5e707c5-d30f-49ae-8b99-ecd393e744ee
EJECUTANDO:ans_b5e707c5-d30f-49ae-8b99-ecd393e744ee
584140857670:SUCCESS
584140857670:ENCOLADO ans_bf64d456-7052-4015-89a4-d3770b710d3c
EJECUTANDO:ans_bf64d456-7052-4015-89a4-d3770b710d3c
584140857670:SUCCESS
584140857670:ENCOLADO ans_57a25e07-1a33-4e16-b33d-ace4a5b6773f
EJECUTANDO:ans_57a25e07-1a33-4e16-b33d-ace4a5b6773f
584140857670:SUCCESS
584140857670:ENCOLADO ans_40cb09b8-a1fd-4048-a30a-d12b50194227
EJECUTANDO:ans_40cb09b8-a1fd-4048-a30a-d12b50194227
584140857670:SUCCESS
584140857670:ENCOLADO ans_071b2eff-caaf-4533-8423-b0ae734295c6
EJECUTANDO:ans_071b2eff-caaf-4533-8423-b0ae734295c6
584140857670:SUCCESS
584140857670:ENCOLADO ans_0fb49c70-ceb8-4fda-841d-9413726a6f7a
EJECUTANDO:ans_0fb49c70-ceb8-4fda-841d-9413726a6f7a
584140857670:SUCCESS
584140857670:ENCOLADO ans_372a666f-51d0-4783-b311-2393749790ed
EJECUTANDO:ans_372a666f-51d0-4783-b311-2393749790ed
584140857670:SUCCESS
584140857670:ENCOLADO ans_b5e707c5-d30f-49ae-8b99-ecd393e744ee
EJECUTANDO:ans_b5e707c5-d30f-49ae-8b99-ecd393e744ee
584140857670:SUCCESS
584164809299:ENCOLADO ans_c406d15b-02fc-4569-a312-d3560e0a81cb
EJECUTANDO:ans_c406d15b-02fc-4569-a312-d3560e0a81cb
584164809299:SUCCESS
584164809299:ENCOLADO ans_1836090c-8f5e-47a8-ba76-2334451740c6
EJECUTANDO:ans_1836090c-8f5e-47a8-ba76-2334451740c6
584164809299:SUCCESS
584164809299:ENCOLADO ans_c406d15b-02fc-4569-a312-d3560e0a81cb
EJECUTANDO:ans_c406d15b-02fc-4569-a312-d3560e0a81cb
584164809299:SUCCESS
584164809299:ENCOLADO ans_1836090c-8f5e-47a8-ba76-2334451740c6
EJECUTANDO:ans_1836090c-8f5e-47a8-ba76-2334451740c6
584164809299:SUCCESS
584164809299:ENCOLADO ans_c406d15b-02fc-4569-a312-d3560e0a81cb
EJECUTANDO:ans_c406d15b-02fc-4569-a312-d3560e0a81cb
584164809299:SUCCESS
584164809299:ENCOLADO ans_1836090c-8f5e-47a8-ba76-2334451740c6
EJECUTANDO:ans_1836090c-8f5e-47a8-ba76-2334451740c6
584164809299:SUCCESS
584164809299:ENCOLADO ans_40cb09b8-a1fd-4048-a30a-d12b50194227
EJECUTANDO:ans_40cb09b8-a1fd-4048-a30a-d12b50194227
584164809299:SUCCESS
584164809299:ENCOLADO ans_071b2eff-caaf-4533-8423-b0ae734295c6
EJECUTANDO:ans_071b2eff-caaf-4533-8423-b0ae734295c6
584164809299:SUCCESS
